#
# There is insufficient memory for the Java Runtime Environment to continue.
# Native memory allocation (mmap) failed to map 262144000 bytes for Failed to commit area from 0x0000000706e00000 to 0x0000000716800000 of length 262144000.
# Possible reasons:
#   The system is out of physical RAM or swap space
#   The process is running with CompressedOops enabled, and the Java Heap may be blocking the growth of the native heap
# Possible solutions:
#   Reduce memory load on the system
#   Increase physical memory or swap space
#   Check if swap backing store is full
#   Decrease Java heap size (-Xmx/-Xms)
#   Decrease number of Java threads
#   Decrease Java thread stack sizes (-Xss)
#   Set larger code cache with -XX:ReservedCodeCacheSize=
# This output file may be truncated or incomplete.
#
#  Out of Memory Error (./open/src/hotspot/os/windows/os_windows.cpp:3298), pid=5632, tid=31024
#
# JRE version:  (11.0.23+7) (build )
# Java VM: Java HotSpot(TM) 64-Bit Server VM (11.0.23+7-LTS-222, mixed mode, sharing, tiered, compressed oops, g1 gc, windows-amd64)
# No core dump will be written. Minidumps are not enabled by default on client versions of Windows
#

---------------  S U M M A R Y ------------

Command Line: Demo3

Host: 12th Gen Intel(R) Core(TM) i5-1235U, 12 cores, 15G,  Windows 11 , 64 bit Build 22621 (10.0.22621.5415)
Time: Sat Dec  6 18:27:56 2025 India Standard Time elapsed time: 0.026861 seconds (0d 0h 0m 0s)

---------------  T H R E A D  ---------------

Current thread (0x000002b0dce5f800):  JavaThread "Unknown thread" [_thread_in_vm, id=31024, stack(0x000000c7fe700000,0x000000c7fe800000)]

Stack: [0x000000c7fe700000,0x000000c7fe800000]
Native frames: (J=compiled Java code, j=interpreted, Vv=VM code, C=native code)
V  [jvm.dll+0x65524a]
V  [jvm.dll+0x79646f]
V  [jvm.dll+0x797b39]
V  [jvm.dll+0x7981e3]
V  [jvm.dll+0x254ee5]
V  [jvm.dll+0x6525a9]
V  [jvm.dll+0x6473c5]
V  [jvm.dll+0x30f59d]
V  [jvm.dll+0x30f402]
V  [jvm.dll+0x314186]
V  [jvm.dll+0x3576e0]
V  [jvm.dll+0x357152]
V  [jvm.dll+0x2ea6c8]
V  [jvm.dll+0x2eb7e5]
V  [jvm.dll+0x76f9a7]
V  [jvm.dll+0x77128f]
V  [jvm.dll+0x364859]
V  [jvm.dll+0x75431f]
V  [jvm.dll+0x3d5c77]
V  [jvm.dll+0x3d7da1]
C  [jli.dll+0x52e7]
C  [ucrtbase.dll+0x29333]
C  [KERNEL32.DLL+0x1259d]
C  [ntdll.dll+0x5af78]


---------------  P R O C E S S  ---------------

Threads class SMR info:
_java_thread_list=0x000002b0dab940b0, length=0, elements={
}

Java Threads: ( => current thread )

Other Threads:
  0x000002b0dce73800 GCTaskThread "GC Thread#0" [stack: 0x000000c7fe800000,0x000000c7fe900000] [id=9504]
  0x000002b0dced1000 ConcurrentGCThread "G1 Main Marker" [stack: 0x000000c7fe900000,0x000000c7fea00000] [id=7192]
  0x000002b0dced2800 ConcurrentGCThread "G1 Conc#0" [stack: 0x000000c7fea00000,0x000000c7feb00000] [id=3052]

[error occurred during error reporting (printing all threads), id 0xc0000005, EXCEPTION_ACCESS_VIOLATION (0xc0000005) at pc=0x00007ffd6b1fad87]

VM state:not at safepoint (not fully initialized)

VM Mutex/Monitor currently owned by a thread:  ([mutex/lock_event])
[0x000002b0dce5c120] Heap_lock - owner thread: 0x000002b0dce5f800

Heap address: 0x0000000706e00000, size: 3986 MB, Compressed Oops mode: Non-zero based: 0x0000000706e00000
Narrow klass base: 0x0000000000000000, Narrow klass shift: 0

GC Heap History (0 events):
No events

Deoptimization events (0 events):
No events

Classes redefined (0 events):
No events

Internal exceptions (0 events):
No events

Events (0 events):
No events


Dynamic libraries:
0x00007ff752f30000 - 0x00007ff752f40000 	C:\Program Files\Java\jdk-11\bin\java.exe
0x00007ffdeda90000 - 0x00007ffdedca8000 	C:\WINDOWS\SYSTEM32\ntdll.dll
0x00007ffded490000 - 0x00007ffded554000 	C:\WINDOWS\System32\KERNEL32.DLL
0x00007ffdeac70000 - 0x00007ffdeb043000 	C:\WINDOWS\System32\KERNELBASE.dll
0x00007ffdeb050000 - 0x00007ffdeb161000 	C:\WINDOWS\System32\ucrtbase.dll
0x00007ffde6a10000 - 0x00007ffde6a2b000 	C:\Program Files\Java\jdk-11\bin\VCRUNTIME140.dll
0x00007ffde6a50000 - 0x00007ffde6a69000 	C:\Program Files\Java\jdk-11\bin\jli.dll
0x00007ffded570000 - 0x00007ffded621000 	C:\WINDOWS\System32\ADVAPI32.dll
0x00007ffded860000 - 0x00007ffded907000 	C:\WINDOWS\System32\msvcrt.dll
0x00007ffded9a0000 - 0x00007ffdeda48000 	C:\WINDOWS\System32\sechost.dll
0x00007ffdeb6e0000 - 0x00007ffdeb708000 	C:\WINDOWS\System32\bcrypt.dll
0x00007ffded630000 - 0x00007ffded748000 	C:\WINDOWS\System32\RPCRT4.dll
0x00007ffdece70000 - 0x00007ffded022000 	C:\WINDOWS\System32\USER32.dll
0x00007ffdeb710000 - 0x00007ffdeb736000 	C:\WINDOWS\System32\win32u.dll
0x00007ffdec120000 - 0x00007ffdec149000 	C:\WINDOWS\System32\GDI32.dll
0x00007ffdd6240000 - 0x00007ffdd64dc000 	C:\WINDOWS\WinSxS\amd64_microsoft.windows.common-controls_6595b64144ccf1df_6.0.22621.6060_none_2712eda17382d24b\COMCTL32.dll
0x00007ffdeb290000 - 0x00007ffdeb3ab000 	C:\WINDOWS\System32\gdi32full.dll
0x00007ffdeb170000 - 0x00007ffdeb20a000 	C:\WINDOWS\System32\msvcp_win.dll
0x00007ffdd0790000 - 0x00007ffdd079a000 	C:\WINDOWS\SYSTEM32\VERSION.dll
0x00007ffded820000 - 0x00007ffded851000 	C:\WINDOWS\System32\IMM32.DLL
0x00007ffde74e0000 - 0x00007ffde74ec000 	C:\Program Files\Java\jdk-11\bin\vcruntime140_1.dll
0x00007ffde6980000 - 0x00007ffde6a0e000 	C:\Program Files\Java\jdk-11\bin\msvcp140.dll
0x00007ffd6af00000 - 0x00007ffd6ba5e000 	C:\Program Files\Java\jdk-11\bin\server\jvm.dll
0x00007ffdec8c0000 - 0x00007ffdec8c8000 	C:\WINDOWS\System32\PSAPI.DLL
0x00007ffde8560000 - 0x00007ffde8594000 	C:\WINDOWS\SYSTEM32\WINMM.dll
0x00007ffdc8380000 - 0x00007ffdc8389000 	C:\WINDOWS\SYSTEM32\WSOCK32.dll
0x00007ffdec650000 - 0x00007ffdec6c1000 	C:\WINDOWS\System32\WS2_32.dll
0x00007ffde9bf0000 - 0x00007ffde9c08000 	C:\WINDOWS\SYSTEM32\kernel.appcore.dll
0x00007ffde72b0000 - 0x00007ffde72c0000 	C:\Program Files\Java\jdk-11\bin\verify.dll
0x00007ffde82e0000 - 0x00007ffde8513000 	C:\WINDOWS\SYSTEM32\DBGHELP.DLL
0x00007ffdec150000 - 0x00007ffdec4e1000 	C:\WINDOWS\System32\combase.dll
0x00007ffded3a0000 - 0x00007ffded478000 	C:\WINDOWS\System32\OLEAUT32.dll
0x00007ffde8520000 - 0x00007ffde8552000 	C:\WINDOWS\SYSTEM32\dbgcore.DLL
0x00007ffdeb210000 - 0x00007ffdeb28b000 	C:\WINDOWS\System32\bcryptPrimitives.dll
0x00007ffde5530000 - 0x00007ffde5558000 	C:\Program Files\Java\jdk-11\bin\java.dll
0x00007ffde6e20000 - 0x00007ffde6e2a000 	C:\Program Files\Java\jdk-11\bin\jimage.dll
0x00007ffde5510000 - 0x00007ffde5527000 	C:\Program Files\Java\jdk-11\bin\zip.dll

dbghelp: loaded successfully - version: 4.0.5 - missing functions: none
symbol engine: initialized successfully - sym options: 0x614 - pdb path: .;C:\Program Files\Java\jdk-11\bin;C:\WINDOWS\SYSTEM32;C:\WINDOWS\WinSxS\amd64_microsoft.windows.common-controls_6595b64144ccf1df_6.0.22621.6060_none_2712eda17382d24b;C:\Program Files\Java\jdk-11\bin\server

VM Arguments:
java_command: Demo3
java_class_path (initial): .
Launcher Type: SUN_STANDARD

[Global flags]
     intx CICompilerCount                          = 4                                         {product} {ergonomic}
     uint ConcGCThreads                            = 3                                         {product} {ergonomic}
     uint G1ConcRefinementThreads                  = 10                                        {product} {ergonomic}
   size_t G1HeapRegionSize                         = 1048576                                   {product} {ergonomic}
    uintx GCDrainStackTargetSize                   = 64                                        {product} {ergonomic}
   size_t InitialHeapSize                          = 262144000                                 {product} {ergonomic}
   size_t MarkStackSize                            = 4194304                                   {product} {ergonomic}
   size_t MaxHeapSize                              = 4179623936                                {product} {ergonomic}
   size_t MinHeapDeltaBytes                        = 1048576                                   {product} {ergonomic}
    uintx NonNMethodCodeHeapSize                   = 5836300                                {pd product} {ergonomic}
    uintx NonProfiledCodeHeapSize                  = 122910970                              {pd product} {ergonomic}
    uintx ProfiledCodeHeapSize                     = 122910970                              {pd product} {ergonomic}
    uintx ReservedCodeCacheSize                    = 251658240                              {pd product} {ergonomic}
     bool SegmentedCodeCache                       = true                                      {product} {ergonomic}
     bool UseCompressedClassPointers               = true                                 {lp64_product} {ergonomic}
     bool UseCompressedOops                        = true                                 {lp64_product} {ergonomic}
     bool UseG1GC                                  = true                                      {product} {ergonomic}
     bool UseLargePagesIndividualAllocation        = false                                  {pd product} {ergonomic}

Logging:
Log output configuration:
 #0: stdout all=warning uptime,level,tags
 #1: stderr all=off uptime,level,tags

Environment Variables:
JAVA_HOME=C:\Program Files\Java\jdk-11
PATH=C:\Program Files\Common Files\Oracle\Java\javapath;C:\WINDOWS\system32;C:\WINDOWS;C:\WINDOWS\System32\Wbem;C:\WINDOWS\System32\WindowsPowerShell\v1.0\;C:\WINDOWS\System32\OpenSSH\;C:\Program Files\nodejs;C:\MinGW\bin;C:\Program Files\PuTTY\;C:\spark\spark-3.5.2-bin-hadoop3\bin;C:\hadoop\bin;C:\Program Files\Java\jdk-11\bin;C:\Program Files\nodejs\;C:\Program Files\Git\cmd;C:\MinGW\bin;C:\spark\spark-3.5.2-bin-hadoop3\bin;C:\hadoop\bin;C:\Program Files\Java\jdk-11\bin;C:\Users\GAURAV KOTHARI\AppData\Local\Programs\Microsoft VS Code\bin;C:\MinGW\bin;C:\Program Files (x86)\Java\jdk1.8.0_05\bin;C:\Users\GAURAV KOTHARI\AppData\Roaming\npm;C:\Program Files\nodejs;C:\MinGW\bin;
USERNAME=GAURAV KOTHARI
OS=Windows_NT
PROCESSOR_IDENTIFIER=Intel64 Family 6 Model 154 Stepping 4, GenuineIntel



---------------  S Y S T E M  ---------------

OS: Windows 11 , 64 bit Build 22621 (10.0.22621.5415)
Hyper-V role detected

CPU:total 12 (initial active 12) (6 cores per cpu, 2 threads per core) family 6 model 154 stepping 4 microcode 0x437, cmov, cx8, fxsr, mmx, sse, sse2, sse3, ssse3, sse4.1, sse4.2, popcnt, avx, avx2, aes, clmul, erms, 3dnowpref, lzcnt, ht, tsc, tscinvbit, bmi1, bmi2, adx, sha, fma

Memory: 4k page, system-wide physical 15942M (7085M free)
TotalPageFile size 21738M (AvailPageFile size 243M)
current process WorkingSet (physical memory assigned to process): 11M, peak: 11M
current process commit charge ("private bytes"): 65M, peak: 314M

vm_info: Java HotSpot(TM) 64-Bit Server VM (11.0.23+7-LTS-222) for windows-amd64 JRE (11.0.23+7-LTS-222), built on Mar 11 2024 22:13:52 by "mach5one" with MS VC++ 17.6 (VS2022)

END.
